<?xml version="1.0" encoding="UTF-8"?>
<!-- Generated by org.testng.reporters.JUnitReportReporter -->
<testsuite skipped="0" hostname="ASCSBCWTL016" name="com.qa.web.test.NewCustomerTest" tests="1" failures="0" timestamp="09 Mar 2021 11:39:58 GMT" time="11.496" errors="0">
  <testcase name="addCustomer" time="11.496" classname="com.qa.web.test.NewCustomerTest"/>
</testsuite> <!-- com.qa.web.test.NewCustomerTest -->
